<?xml version="1.0" encoding="UTF-8"?>
<!-- Generated by org.testng.reporters.JUnitXMLReporter -->
<testsuite ignored="0" hostname="LAPTOP-64ROHMK1" failures="0" tests="3" name="Test" time="30.81" errors="0" timestamp="2023-07-26T04:22:26 IST">
  <testcase classname="eCommerceProject.Ajio" name="ajioTest" time="13.76"/>
  <testcase classname="eCommerceProject.Amazon" name="amazonTest" time="8.118"/>
  <testcase classname="eCommerceProject.Flipcart" name="flipcartTest" time="8.887"/>
</testsuite> <!-- Test -->
