<?xml version="1.0" encoding="UTF-8"?>
<testng-results ignored="0" total="1" passed="1" failed="0" skipped="0">
  <reporter-output>
    <line>
      <![CDATA[opening amzon]]>
    </line>
  </reporter-output>
  <suite started-at="2023-08-04T02:22:03 PDT" name="Default suite" finished-at="2023-08-04T02:22:25 PDT" duration-ms="22258">
    <groups>
    </groups>
    <test started-at="2023-08-04T02:22:03 PDT" name="Default test" finished-at="2023-08-04T02:22:25 PDT" duration-ms="22258">
      <class name="eCommerceProject.vaibhav">
        <test-method signature="vaibhav()[pri:0, instance:eCommerceProject.vaibhav@1bd4fdd]" started-at="2023-08-04T02:22:03 PDT" name="vaibhav" finished-at="2023-08-04T02:22:25 PDT" duration-ms="22188" status="PASS">
          <reporter-output>
            <line>
              <![CDATA[opening amzon]]>
            </line>
          </reporter-output>
        </test-method> <!-- vaibhav -->
      </class> <!-- eCommerceProject.vaibhav -->
    </test> <!-- Default test -->
  </suite> <!-- Default suite -->
</testng-results>
