<?xml version="1.0" encoding="UTF-8"?>
<testng-results ignored="0" total="3" passed="3" failed="0" skipped="0">
  <reporter-output>
    <line>
      <![CDATA[opening Ajio]]>
    </line>
    <line>
      <![CDATA[opening amazon]]>
    </line>
    <line>
      <![CDATA[opening flipcart]]>
    </line>
  </reporter-output>
  <suite started-at="2023-07-26T04:21:55 IST" name="Suite" finished-at="2023-07-26T04:22:26 IST" duration-ms="30810">
    <groups>
    </groups>
    <test started-at="2023-07-26T04:21:55 IST" name="Test" finished-at="2023-07-26T04:22:26 IST" duration-ms="30810">
      <class name="eCommerceProject.Flipcart">
        <test-method signature="flipcartTest()[pri:0, instance:eCommerceProject.Flipcart@55183b20]" started-at="2023-07-26T04:22:17 IST" name="flipcartTest" finished-at="2023-07-26T04:22:26 IST" duration-ms="8887" status="PASS">
          <reporter-output>
            <line>
              <![CDATA[opening flipcart]]>
            </line>
          </reporter-output>
        </test-method> <!-- flipcartTest -->
      </class> <!-- eCommerceProject.Flipcart -->
      <class name="eCommerceProject.Ajio">
        <test-method signature="ajioTest()[pri:0, instance:eCommerceProject.Ajio@4efbca5a]" started-at="2023-07-26T04:21:56 IST" name="ajioTest" finished-at="2023-07-26T04:22:09 IST" duration-ms="13760" status="PASS">
          <reporter-output>
            <line>
              <![CDATA[opening Ajio]]>
            </line>
          </reporter-output>
        </test-method> <!-- ajioTest -->
      </class> <!-- eCommerceProject.Ajio -->
      <class name="eCommerceProject.Amazon">
        <test-method signature="amazonTest()[pri:0, instance:eCommerceProject.Amazon@1bd4fdd]" started-at="2023-07-26T04:22:09 IST" name="amazonTest" finished-at="2023-07-26T04:22:17 IST" duration-ms="8118" status="PASS">
          <reporter-output>
            <line>
              <![CDATA[opening amazon]]>
            </line>
          </reporter-output>
        </test-method> <!-- amazonTest -->
      </class> <!-- eCommerceProject.Amazon -->
    </test> <!-- Test -->
  </suite> <!-- Suite -->
</testng-results>
